error: GET en /loggerTest - at 10/5/2024 03:49:44
fatal: GET en /loggerTest - at 10/5/2024 03:49:44
error: POST en /api/products - at 14/5/2024 21:17:45
fatal: POST en /api/products - at 14/5/2024 21:17:45
error: POST en /api/products - at 14/5/2024 21:18:34
fatal: POST en /api/products - at 14/5/2024 21:18:34
error: POST en /api/products - at 14/5/2024 21:24:17
fatal: POST en /api/products - at 14/5/2024 21:24:17
error: undefined en undefined - at 14/5/2024 21:24:17
fatal: undefined en undefined - at 14/5/2024 21:24:17
error: POST en /api/products - at 14/5/2024 21:26:58
fatal: POST en /api/products - at 14/5/2024 21:26:58
error: POST en /api/products - at 14/5/2024 21:28:17
fatal: POST en /api/products - at 14/5/2024 21:28:17
error: POST en /api/products - at 14/5/2024 21:30:23
fatal: POST en /api/products - at 14/5/2024 21:30:23
error: POST en /api/products - at 14/5/2024 21:31:22
fatal: POST en /api/products - at 14/5/2024 21:31:22
error: POST en /api/products - at 14/5/2024 21:32:04
fatal: POST en /api/products - at 14/5/2024 21:32:04
error: POST en /api/products - at 14/5/2024 21:33:48
fatal: POST en /api/products - at 14/5/2024 21:33:48
error: POST en /api/products - at 14/5/2024 21:34:15
fatal: POST en /api/products - at 14/5/2024 21:34:15
error: POST en /api/products - at 14/5/2024 21:35:50
fatal: POST en /api/products - at 14/5/2024 21:35:50
error: POST en /api/products - at 14/5/2024 21:36:18
fatal: POST en /api/products - at 14/5/2024 21:36:18
error: POST en /api/products - at 14/5/2024 21:36:33
fatal: POST en /api/products - at 14/5/2024 21:36:33
